[Tue Jan 25 12:56:25.435759 2022] [mpm_winnt:notice] [pid 4820:tid 736] AH00455: Apache/2.4.43 (Win32) configured -- resuming normal operations
[Tue Jan 25 12:56:25.436759 2022] [mpm_winnt:notice] [pid 4820:tid 736] AH00456: Server built: Apr 21 2020 13:46:54
[Tue Jan 25 12:56:25.436759 2022] [core:notice] [pid 4820:tid 736] AH00094: Command line: 'C:\\Users\\apl97\\AppData\\Roaming\\Local\\lightning-services\\apache-2.4.43+6\\bin\\win32\\bin\\httpd.exe -d C:/Users/apl97/AppData/Roaming/Local/lightning-services/apache-2.4.43+6/bin/win32 -D FOREGROUND -f C:\\Users\\apl97\\AppData\\Roaming\\Local\\run\\kAz_xRpZH\\conf\\apache\\apache2.conf'
[Tue Jan 25 12:56:25.439762 2022] [mpm_winnt:notice] [pid 4820:tid 736] AH00418: Parent: Created child process 9416
[Tue Jan 25 12:56:26.130856 2022] [mpm_winnt:notice] [pid 9416:tid 500] AH00354: Child: Starting 64 worker threads.
[Tue Jan 25 17:41:43.162586 2022] [core:warn] [pid 1964:tid 812] AH00098: pid file C:/Users/apl97/AppData/Roaming/Local/run/kAz_xRpZH/apache/logs/httpd.pid overwritten -- Unclean shutdown of previous Apache run?
[Tue Jan 25 17:41:43.164586 2022] [mpm_winnt:notice] [pid 1964:tid 812] AH00455: Apache/2.4.43 (Win32) configured -- resuming normal operations
[Tue Jan 25 17:41:43.164586 2022] [mpm_winnt:notice] [pid 1964:tid 812] AH00456: Server built: Apr 21 2020 13:46:54
[Tue Jan 25 17:41:43.164586 2022] [core:notice] [pid 1964:tid 812] AH00094: Command line: 'C:\\Users\\apl97\\AppData\\Roaming\\Local\\lightning-services\\apache-2.4.43+6\\bin\\win32\\bin\\httpd.exe -d C:/Users/apl97/AppData/Roaming/Local/lightning-services/apache-2.4.43+6/bin/win32 -D FOREGROUND -f C:\\Users\\apl97\\AppData\\Roaming\\Local\\run\\kAz_xRpZH\\conf\\apache\\apache2.conf'
[Tue Jan 25 17:41:43.167589 2022] [mpm_winnt:notice] [pid 1964:tid 812] AH00418: Parent: Created child process 23992
[Tue Jan 25 17:41:43.640995 2022] [mpm_winnt:notice] [pid 23992:tid 588] AH00354: Child: Starting 64 worker threads.
[Tue Jan 25 17:46:11.196139 2022] [mpm_winnt:crit] [pid 23992:tid 588] AH02538: Child: Parent process exited abruptly. Child process is ending
[Tue Jan 25 17:46:11.196139 2022] [mpm_winnt:warn] [pid 23992:tid 1616] (OS 995)The I/O operation has been aborted because of either a thread exit or an application request.  : AH00341: winnt_accept: Asynchronous AcceptEx failed.
[Tue Jan 25 17:46:11.196139 2022] [mpm_winnt:warn] [pid 23992:tid 1724] (OS 995)The I/O operation has been aborted because of either a thread exit or an application request.  : AH00341: winnt_accept: Asynchronous AcceptEx failed.
[Wed Jan 26 16:47:34.094922 2022] [core:warn] [pid 22000:tid 1204] AH00098: pid file C:/Users/apl97/AppData/Roaming/Local/run/kAz_xRpZH/apache/logs/httpd.pid overwritten -- Unclean shutdown of previous Apache run?
[Wed Jan 26 16:47:34.096424 2022] [mpm_winnt:notice] [pid 22000:tid 1204] AH00455: Apache/2.4.43 (Win32) configured -- resuming normal operations
[Wed Jan 26 16:47:34.096924 2022] [mpm_winnt:notice] [pid 22000:tid 1204] AH00456: Server built: Apr 21 2020 13:46:54
[Wed Jan 26 16:47:34.096924 2022] [core:notice] [pid 22000:tid 1204] AH00094: Command line: 'C:\\Users\\apl97\\AppData\\Roaming\\Local\\lightning-services\\apache-2.4.43+6\\bin\\win32\\bin\\httpd.exe -d C:/Users/apl97/AppData/Roaming/Local/lightning-services/apache-2.4.43+6/bin/win32 -D FOREGROUND -f C:\\Users\\apl97\\AppData\\Roaming\\Local\\run\\kAz_xRpZH\\conf\\apache\\apache2.conf'
[Wed Jan 26 16:47:34.099426 2022] [mpm_winnt:notice] [pid 22000:tid 1204] AH00418: Parent: Created child process 15604
[Wed Jan 26 16:47:34.533298 2022] [mpm_winnt:notice] [pid 15604:tid 752] AH00354: Child: Starting 64 worker threads.
[Wed Jan 26 17:02:59.722944 2022] [core:warn] [pid 11520:tid 708] AH00098: pid file C:/Users/apl97/AppData/Roaming/Local/run/kAz_xRpZH/apache/logs/httpd.pid overwritten -- Unclean shutdown of previous Apache run?
[Wed Jan 26 17:02:59.724946 2022] [mpm_winnt:notice] [pid 11520:tid 708] AH00455: Apache/2.4.43 (Win32) configured -- resuming normal operations
[Wed Jan 26 17:02:59.724946 2022] [mpm_winnt:notice] [pid 11520:tid 708] AH00456: Server built: Apr 21 2020 13:46:54
[Wed Jan 26 17:02:59.724946 2022] [core:notice] [pid 11520:tid 708] AH00094: Command line: 'C:\\Users\\apl97\\AppData\\Roaming\\Local\\lightning-services\\apache-2.4.43+6\\bin\\win32\\bin\\httpd.exe -d C:/Users/apl97/AppData/Roaming/Local/lightning-services/apache-2.4.43+6/bin/win32 -D FOREGROUND -f C:\\Users\\apl97\\AppData\\Roaming\\Local\\run\\kAz_xRpZH\\conf\\apache\\apache2.conf'
[Wed Jan 26 17:02:59.726948 2022] [mpm_winnt:notice] [pid 11520:tid 708] AH00418: Parent: Created child process 17196
[Wed Jan 26 17:03:00.183840 2022] [mpm_winnt:notice] [pid 17196:tid 740] AH00354: Child: Starting 64 worker threads.
[Wed Jan 26 20:44:27.727554 2022] [core:warn] [pid 24164:tid 204] AH00098: pid file C:/Users/apl97/AppData/Roaming/Local/run/kAz_xRpZH/apache/logs/httpd.pid overwritten -- Unclean shutdown of previous Apache run?
[Wed Jan 26 20:44:27.729556 2022] [mpm_winnt:notice] [pid 24164:tid 204] AH00455: Apache/2.4.43 (Win32) configured -- resuming normal operations
[Wed Jan 26 20:44:27.729556 2022] [mpm_winnt:notice] [pid 24164:tid 204] AH00456: Server built: Apr 21 2020 13:46:54
[Wed Jan 26 20:44:27.729556 2022] [core:notice] [pid 24164:tid 204] AH00094: Command line: 'C:\\Users\\apl97\\AppData\\Roaming\\Local\\lightning-services\\apache-2.4.43+6\\bin\\win32\\bin\\httpd.exe -d C:/Users/apl97/AppData/Roaming/Local/lightning-services/apache-2.4.43+6/bin/win32 -D FOREGROUND -f C:\\Users\\apl97\\AppData\\Roaming\\Local\\run\\kAz_xRpZH\\conf\\apache\\apache2.conf'
[Wed Jan 26 20:44:27.733059 2022] [mpm_winnt:notice] [pid 24164:tid 204] AH00418: Parent: Created child process 3180
[Wed Jan 26 20:44:28.277526 2022] [mpm_winnt:notice] [pid 3180:tid 828] AH00354: Child: Starting 64 worker threads.
[Thu Jan 27 10:21:21.562485 2022] [core:warn] [pid 21000:tid 720] AH00098: pid file C:/Users/apl97/AppData/Roaming/Local/run/kAz_xRpZH/apache/logs/httpd.pid overwritten -- Unclean shutdown of previous Apache run?
[Thu Jan 27 10:21:21.563987 2022] [mpm_winnt:notice] [pid 21000:tid 720] AH00455: Apache/2.4.43 (Win32) configured -- resuming normal operations
[Thu Jan 27 10:21:21.563987 2022] [mpm_winnt:notice] [pid 21000:tid 720] AH00456: Server built: Apr 21 2020 13:46:54
[Thu Jan 27 10:21:21.563987 2022] [core:notice] [pid 21000:tid 720] AH00094: Command line: 'C:\\Users\\apl97\\AppData\\Roaming\\Local\\lightning-services\\apache-2.4.43+6\\bin\\win32\\bin\\httpd.exe -d C:/Users/apl97/AppData/Roaming/Local/lightning-services/apache-2.4.43+6/bin/win32 -D FOREGROUND -f C:\\Users\\apl97\\AppData\\Roaming\\Local\\run\\kAz_xRpZH\\conf\\apache\\apache2.conf'
[Thu Jan 27 10:21:21.566489 2022] [mpm_winnt:notice] [pid 21000:tid 720] AH00418: Parent: Created child process 18324
[Thu Jan 27 10:21:22.084433 2022] [mpm_winnt:notice] [pid 18324:tid 748] AH00354: Child: Starting 64 worker threads.
AH00558: httpd.exe: Could not reliably determine the server's fully qualified domain name, using fe80::21e7:32cd:ba7c:e94. Set the 'ServerName' directive globally to suppress this message
[Thu Jan 27 17:19:44.216653 2022] [core:warn] [pid 23524:tid 708] AH00098: pid file C:/Users/apl97/AppData/Roaming/Local/run/kAz_xRpZH/apache/logs/httpd.pid overwritten -- Unclean shutdown of previous Apache run?
[Thu Jan 27 17:19:44.219155 2022] [mpm_winnt:notice] [pid 23524:tid 708] AH00455: Apache/2.4.43 (Win32) configured -- resuming normal operations
[Thu Jan 27 17:19:44.219155 2022] [mpm_winnt:notice] [pid 23524:tid 708] AH00456: Server built: Apr 21 2020 13:46:54
[Thu Jan 27 17:19:44.219155 2022] [core:notice] [pid 23524:tid 708] AH00094: Command line: 'C:\\Users\\apl97\\AppData\\Roaming\\Local\\lightning-services\\apache-2.4.43+6\\bin\\win32\\bin\\httpd.exe -d C:/Users/apl97/AppData/Roaming/Local/lightning-services/apache-2.4.43+6/bin/win32 -D FOREGROUND -f C:\\Users\\apl97\\AppData\\Roaming\\Local\\run\\kAz_xRpZH\\conf\\apache\\apache2.conf'
[Thu Jan 27 17:19:44.222157 2022] [mpm_winnt:notice] [pid 23524:tid 708] AH00418: Parent: Created child process 2892
AH00558: httpd.exe: Could not reliably determine the server's fully qualified domain name, using fe80::21e7:32cd:ba7c:e94. Set the 'ServerName' directive globally to suppress this message
AH00558: httpd.exe: Could not reliably determine the server's fully qualified domain name, using fe80::21e7:32cd:ba7c:e94. Set the 'ServerName' directive globally to suppress this message
[Thu Jan 27 17:19:46.425684 2022] [mpm_winnt:notice] [pid 2892:tid 4] AH00354: Child: Starting 64 worker threads.
AH00558: httpd.exe: Could not reliably determine the server's fully qualified domain name, using fe80::21e7:32cd:ba7c:e94. Set the 'ServerName' directive globally to suppress this message
[Thu Jan 27 21:01:48.515513 2022] [core:warn] [pid 6232:tid 680] AH00098: pid file C:/Users/apl97/AppData/Roaming/Local/run/kAz_xRpZH/apache/logs/httpd.pid overwritten -- Unclean shutdown of previous Apache run?
[Thu Jan 27 21:01:48.517514 2022] [mpm_winnt:notice] [pid 6232:tid 680] AH00455: Apache/2.4.43 (Win32) configured -- resuming normal operations
[Thu Jan 27 21:01:48.517514 2022] [mpm_winnt:notice] [pid 6232:tid 680] AH00456: Server built: Apr 21 2020 13:46:54
[Thu Jan 27 21:01:48.517514 2022] [core:notice] [pid 6232:tid 680] AH00094: Command line: 'C:\\Users\\apl97\\AppData\\Roaming\\Local\\lightning-services\\apache-2.4.43+6\\bin\\win32\\bin\\httpd.exe -d C:/Users/apl97/AppData/Roaming/Local/lightning-services/apache-2.4.43+6/bin/win32 -D FOREGROUND -f C:\\Users\\apl97\\AppData\\Roaming\\Local\\run\\kAz_xRpZH\\conf\\apache\\apache2.conf'
[Thu Jan 27 21:01:48.520016 2022] [mpm_winnt:notice] [pid 6232:tid 680] AH00418: Parent: Created child process 12776
AH00558: httpd.exe: Could not reliably determine the server's fully qualified domain name, using fe80::21e7:32cd:ba7c:e94. Set the 'ServerName' directive globally to suppress this message
AH00558: httpd.exe: Could not reliably determine the server's fully qualified domain name, using fe80::21e7:32cd:ba7c:e94. Set the 'ServerName' directive globally to suppress this message
[Thu Jan 27 21:01:50.677883 2022] [mpm_winnt:notice] [pid 12776:tid 468] AH00354: Child: Starting 64 worker threads.
[Fri Jan 28 07:58:08.636066 2022] [core:warn] [pid 22608:tid 676] AH00098: pid file C:/Users/apl97/AppData/Roaming/Local/run/kAz_xRpZH/apache/logs/httpd.pid overwritten -- Unclean shutdown of previous Apache run?
[Fri Jan 28 07:58:08.638068 2022] [mpm_winnt:notice] [pid 22608:tid 676] AH00455: Apache/2.4.43 (Win32) configured -- resuming normal operations
[Fri Jan 28 07:58:08.638068 2022] [mpm_winnt:notice] [pid 22608:tid 676] AH00456: Server built: Apr 21 2020 13:46:54
[Fri Jan 28 07:58:08.638068 2022] [core:notice] [pid 22608:tid 676] AH00094: Command line: 'C:\\Users\\apl97\\AppData\\Roaming\\Local\\lightning-services\\apache-2.4.43+6\\bin\\win32\\bin\\httpd.exe -d C:/Users/apl97/AppData/Roaming/Local/lightning-services/apache-2.4.43+6/bin/win32 -D FOREGROUND -f C:\\Users\\apl97\\AppData\\Roaming\\Local\\run\\kAz_xRpZH\\conf\\apache\\apache2.conf'
[Fri Jan 28 07:58:08.640570 2022] [mpm_winnt:notice] [pid 22608:tid 676] AH00418: Parent: Created child process 18372
[Fri Jan 28 07:58:09.079446 2022] [mpm_winnt:notice] [pid 18372:tid 772] AH00354: Child: Starting 64 worker threads.
[Fri Jan 28 12:02:30.418067 2022] [core:warn] [pid 21076:tid 708] AH00098: pid file C:/Users/apl97/AppData/Roaming/Local/run/kAz_xRpZH/apache/logs/httpd.pid overwritten -- Unclean shutdown of previous Apache run?
[Fri Jan 28 12:02:30.419569 2022] [mpm_winnt:notice] [pid 21076:tid 708] AH00455: Apache/2.4.43 (Win32) configured -- resuming normal operations
[Fri Jan 28 12:02:30.419569 2022] [mpm_winnt:notice] [pid 21076:tid 708] AH00456: Server built: Apr 21 2020 13:46:54
[Fri Jan 28 12:02:30.419569 2022] [core:notice] [pid 21076:tid 708] AH00094: Command line: 'C:\\Users\\apl97\\AppData\\Roaming\\Local\\lightning-services\\apache-2.4.43+6\\bin\\win32\\bin\\httpd.exe -d C:/Users/apl97/AppData/Roaming/Local/lightning-services/apache-2.4.43+6/bin/win32 -D FOREGROUND -f C:\\Users\\apl97\\AppData\\Roaming\\Local\\run\\kAz_xRpZH\\conf\\apache\\apache2.conf'
[Fri Jan 28 12:02:30.422071 2022] [mpm_winnt:notice] [pid 21076:tid 708] AH00418: Parent: Created child process 7800
[Fri Jan 28 12:02:30.837928 2022] [mpm_winnt:notice] [pid 7800:tid 764] AH00354: Child: Starting 64 worker threads.
[Wed Feb 02 11:23:26.733433 2022] [core:warn] [pid 25328:tid 548] AH00098: pid file C:/Users/apl97/AppData/Roaming/Local/run/kAz_xRpZH/apache/logs/httpd.pid overwritten -- Unclean shutdown of previous Apache run?
[Wed Feb 02 11:23:26.735934 2022] [mpm_winnt:notice] [pid 25328:tid 548] AH00455: Apache/2.4.43 (Win32) configured -- resuming normal operations
[Wed Feb 02 11:23:26.735934 2022] [mpm_winnt:notice] [pid 25328:tid 548] AH00456: Server built: Apr 21 2020 13:46:54
[Wed Feb 02 11:23:26.735934 2022] [core:notice] [pid 25328:tid 548] AH00094: Command line: 'C:\\Users\\apl97\\AppData\\Roaming\\Local\\lightning-services\\apache-2.4.43+6\\bin\\win32\\bin\\httpd.exe -d C:/Users/apl97/AppData/Roaming/Local/lightning-services/apache-2.4.43+6/bin/win32 -D FOREGROUND -f C:\\Users\\apl97\\AppData\\Roaming\\Local\\run\\kAz_xRpZH\\conf\\apache\\apache2.conf'
[Wed Feb 02 11:23:26.738437 2022] [mpm_winnt:notice] [pid 25328:tid 548] AH00418: Parent: Created child process 21732
[Wed Feb 02 11:23:27.294414 2022] [mpm_winnt:notice] [pid 21732:tid 768] AH00354: Child: Starting 64 worker threads.
[Thu Feb 03 10:02:06.801815 2022] [core:warn] [pid 17152:tid 732] AH00098: pid file C:/Users/apl97/AppData/Roaming/Local/run/kAz_xRpZH/apache/logs/httpd.pid overwritten -- Unclean shutdown of previous Apache run?
[Thu Feb 03 10:02:06.803317 2022] [mpm_winnt:notice] [pid 17152:tid 732] AH00455: Apache/2.4.43 (Win32) configured -- resuming normal operations
[Thu Feb 03 10:02:06.803317 2022] [mpm_winnt:notice] [pid 17152:tid 732] AH00456: Server built: Apr 21 2020 13:46:54
[Thu Feb 03 10:02:06.803317 2022] [core:notice] [pid 17152:tid 732] AH00094: Command line: 'C:\\Users\\apl97\\AppData\\Roaming\\Local\\lightning-services\\apache-2.4.43+6\\bin\\win32\\bin\\httpd.exe -d C:/Users/apl97/AppData/Roaming/Local/lightning-services/apache-2.4.43+6/bin/win32 -D FOREGROUND -f C:\\Users\\apl97\\AppData\\Roaming\\Local\\run\\kAz_xRpZH\\conf\\apache\\apache2.conf'
[Thu Feb 03 10:02:06.805819 2022] [mpm_winnt:notice] [pid 17152:tid 732] AH00418: Parent: Created child process 2832
[Thu Feb 03 10:02:07.376309 2022] [mpm_winnt:notice] [pid 2832:tid 784] AH00354: Child: Starting 64 worker threads.
AH00558: httpd.exe: Could not reliably determine the server's fully qualified domain name, using fe80::21e7:32cd:ba7c:e94. Set the 'ServerName' directive globally to suppress this message
[Thu Feb 03 22:50:27.014878 2022] [core:warn] [pid 6712:tid 684] AH00098: pid file C:/Users/apl97/AppData/Roaming/Local/run/kAz_xRpZH/apache/logs/httpd.pid overwritten -- Unclean shutdown of previous Apache run?
[Thu Feb 03 22:50:27.016879 2022] [mpm_winnt:notice] [pid 6712:tid 684] AH00455: Apache/2.4.43 (Win32) configured -- resuming normal operations
[Thu Feb 03 22:50:27.016879 2022] [mpm_winnt:notice] [pid 6712:tid 684] AH00456: Server built: Apr 21 2020 13:46:54
[Thu Feb 03 22:50:27.016879 2022] [core:notice] [pid 6712:tid 684] AH00094: Command line: 'C:\\Users\\apl97\\AppData\\Roaming\\Local\\lightning-services\\apache-2.4.43+6\\bin\\win32\\bin\\httpd.exe -d C:/Users/apl97/AppData/Roaming/Local/lightning-services/apache-2.4.43+6/bin/win32 -D FOREGROUND -f C:\\Users\\apl97\\AppData\\Roaming\\Local\\run\\kAz_xRpZH\\conf\\apache\\apache2.conf'
[Thu Feb 03 22:50:27.019383 2022] [mpm_winnt:notice] [pid 6712:tid 684] AH00418: Parent: Created child process 4228
AH00558: httpd.exe: Could not reliably determine the server's fully qualified domain name, using fe80::21e7:32cd:ba7c:e94. Set the 'ServerName' directive globally to suppress this message
AH00558: httpd.exe: Could not reliably determine the server's fully qualified domain name, using fe80::21e7:32cd:ba7c:e94. Set the 'ServerName' directive globally to suppress this message
[Thu Feb 03 22:50:29.120728 2022] [mpm_winnt:notice] [pid 4228:tid 752] AH00354: Child: Starting 64 worker threads.
AH00558: httpd.exe: Could not reliably determine the server's fully qualified domain name, using fe80::21e7:32cd:ba7c:e94. Set the 'ServerName' directive globally to suppress this message
[Sat Feb 05 19:10:05.532412 2022] [core:warn] [pid 8968:tid 732] AH00098: pid file C:/Users/apl97/AppData/Roaming/Local/run/kAz_xRpZH/apache/logs/httpd.pid overwritten -- Unclean shutdown of previous Apache run?
[Sat Feb 05 19:10:05.533913 2022] [mpm_winnt:notice] [pid 8968:tid 732] AH00455: Apache/2.4.43 (Win32) configured -- resuming normal operations
[Sat Feb 05 19:10:05.533913 2022] [mpm_winnt:notice] [pid 8968:tid 732] AH00456: Server built: Apr 21 2020 13:46:54
[Sat Feb 05 19:10:05.533913 2022] [core:notice] [pid 8968:tid 732] AH00094: Command line: 'C:\\Users\\apl97\\AppData\\Roaming\\Local\\lightning-services\\apache-2.4.43+6\\bin\\win32\\bin\\httpd.exe -d C:/Users/apl97/AppData/Roaming/Local/lightning-services/apache-2.4.43+6/bin/win32 -D FOREGROUND -f C:\\Users\\apl97\\AppData\\Roaming\\Local\\run\\kAz_xRpZH\\conf\\apache\\apache2.conf'
[Sat Feb 05 19:10:05.537916 2022] [mpm_winnt:notice] [pid 8968:tid 732] AH00418: Parent: Created child process 19116
AH00558: httpd.exe: Could not reliably determine the server's fully qualified domain name, using fe80::21e7:32cd:ba7c:e94. Set the 'ServerName' directive globally to suppress this message
AH00558: httpd.exe: Could not reliably determine the server's fully qualified domain name, using fe80::21e7:32cd:ba7c:e94. Set the 'ServerName' directive globally to suppress this message
[Sat Feb 05 19:10:07.654227 2022] [mpm_winnt:notice] [pid 19116:tid 768] AH00354: Child: Starting 64 worker threads.
[Mon Feb 07 10:52:41.783441 2022] [core:warn] [pid 4420:tid 676] AH00098: pid file C:/Users/apl97/AppData/Roaming/Local/run/kAz_xRpZH/apache/logs/httpd.pid overwritten -- Unclean shutdown of previous Apache run?
[Mon Feb 07 10:52:41.784943 2022] [mpm_winnt:notice] [pid 4420:tid 676] AH00455: Apache/2.4.43 (Win32) configured -- resuming normal operations
[Mon Feb 07 10:52:41.784943 2022] [mpm_winnt:notice] [pid 4420:tid 676] AH00456: Server built: Apr 21 2020 13:46:54
[Mon Feb 07 10:52:41.784943 2022] [core:notice] [pid 4420:tid 676] AH00094: Command line: 'C:\\Users\\apl97\\AppData\\Roaming\\Local\\lightning-services\\apache-2.4.43+6\\bin\\win32\\bin\\httpd.exe -d C:/Users/apl97/AppData/Roaming/Local/lightning-services/apache-2.4.43+6/bin/win32 -D FOREGROUND -f C:\\Users\\apl97\\AppData\\Roaming\\Local\\run\\kAz_xRpZH\\conf\\apache\\apache2.conf'
[Mon Feb 07 10:52:41.787445 2022] [mpm_winnt:notice] [pid 4420:tid 676] AH00418: Parent: Created child process 19736
[Mon Feb 07 10:52:42.217314 2022] [mpm_winnt:notice] [pid 19736:tid 168] AH00354: Child: Starting 64 worker threads.
[Thu Feb 10 10:56:09.020241 2022] [core:warn] [pid 4388:tid 732] AH00098: pid file C:/Users/apl97/AppData/Roaming/Local/run/kAz_xRpZH/apache/logs/httpd.pid overwritten -- Unclean shutdown of previous Apache run?
[Thu Feb 10 10:56:09.022243 2022] [mpm_winnt:notice] [pid 4388:tid 732] AH00455: Apache/2.4.43 (Win32) configured -- resuming normal operations
[Thu Feb 10 10:56:09.022243 2022] [mpm_winnt:notice] [pid 4388:tid 732] AH00456: Server built: Apr 21 2020 13:46:54
[Thu Feb 10 10:56:09.022243 2022] [core:notice] [pid 4388:tid 732] AH00094: Command line: 'C:\\Users\\apl97\\AppData\\Roaming\\Local\\lightning-services\\apache-2.4.43+6\\bin\\win32\\bin\\httpd.exe -d C:/Users/apl97/AppData/Roaming/Local/lightning-services/apache-2.4.43+6/bin/win32 -D FOREGROUND -f C:\\Users\\apl97\\AppData\\Roaming\\Local\\run\\kAz_xRpZH\\conf\\apache\\apache2.conf'
[Thu Feb 10 10:56:09.024745 2022] [mpm_winnt:notice] [pid 4388:tid 732] AH00418: Parent: Created child process 20652
[Thu Feb 10 10:56:09.466624 2022] [mpm_winnt:notice] [pid 20652:tid 772] AH00354: Child: Starting 64 worker threads.
[Thu Feb 10 20:14:41.951252 2022] [core:warn] [pid 1684:tid 700] AH00098: pid file C:/Users/apl97/AppData/Roaming/Local/run/kAz_xRpZH/apache/logs/httpd.pid overwritten -- Unclean shutdown of previous Apache run?
[Thu Feb 10 20:14:41.953254 2022] [mpm_winnt:notice] [pid 1684:tid 700] AH00455: Apache/2.4.43 (Win32) configured -- resuming normal operations
[Thu Feb 10 20:14:41.953254 2022] [mpm_winnt:notice] [pid 1684:tid 700] AH00456: Server built: Apr 21 2020 13:46:54
[Thu Feb 10 20:14:41.953254 2022] [core:notice] [pid 1684:tid 700] AH00094: Command line: 'C:\\Users\\apl97\\AppData\\Roaming\\Local\\lightning-services\\apache-2.4.43+6\\bin\\win32\\bin\\httpd.exe -d C:/Users/apl97/AppData/Roaming/Local/lightning-services/apache-2.4.43+6/bin/win32 -D FOREGROUND -f C:\\Users\\apl97\\AppData\\Roaming\\Local\\run\\kAz_xRpZH\\conf\\apache\\apache2.conf'
[Thu Feb 10 20:14:41.955256 2022] [mpm_winnt:notice] [pid 1684:tid 700] AH00418: Parent: Created child process 19544
[Thu Feb 10 20:14:42.402640 2022] [mpm_winnt:notice] [pid 19544:tid 748] AH00354: Child: Starting 64 worker threads.
[Fri Feb 11 09:20:29.835425 2022] [core:warn] [pid 2172:tid 676] AH00098: pid file C:/Users/apl97/AppData/Roaming/Local/run/kAz_xRpZH/apache/logs/httpd.pid overwritten -- Unclean shutdown of previous Apache run?
[Fri Feb 11 09:20:29.836927 2022] [mpm_winnt:notice] [pid 2172:tid 676] AH00455: Apache/2.4.43 (Win32) configured -- resuming normal operations
[Fri Feb 11 09:20:29.836927 2022] [mpm_winnt:notice] [pid 2172:tid 676] AH00456: Server built: Apr 21 2020 13:46:54
[Fri Feb 11 09:20:29.836927 2022] [core:notice] [pid 2172:tid 676] AH00094: Command line: 'C:\\Users\\apl97\\AppData\\Roaming\\Local\\lightning-services\\apache-2.4.43+6\\bin\\win32\\bin\\httpd.exe -d C:/Users/apl97/AppData/Roaming/Local/lightning-services/apache-2.4.43+6/bin/win32 -D FOREGROUND -f C:\\Users\\apl97\\AppData\\Roaming\\Local\\run\\kAz_xRpZH\\conf\\apache\\apache2.conf'
[Fri Feb 11 09:20:29.839929 2022] [mpm_winnt:notice] [pid 2172:tid 676] AH00418: Parent: Created child process 17052
[Fri Feb 11 09:20:30.390402 2022] [mpm_winnt:notice] [pid 17052:tid 840] AH00354: Child: Starting 64 worker threads.
[Mon Feb 14 11:30:05.254980 2022] [core:warn] [pid 13524:tid 684] AH00098: pid file C:/Users/apl97/AppData/Roaming/Local/run/kAz_xRpZH/apache/logs/httpd.pid overwritten -- Unclean shutdown of previous Apache run?
[Mon Feb 14 11:30:05.257482 2022] [mpm_winnt:notice] [pid 13524:tid 684] AH00455: Apache/2.4.43 (Win32) configured -- resuming normal operations
[Mon Feb 14 11:30:05.257482 2022] [mpm_winnt:notice] [pid 13524:tid 684] AH00456: Server built: Apr 21 2020 13:46:54
[Mon Feb 14 11:30:05.257482 2022] [core:notice] [pid 13524:tid 684] AH00094: Command line: 'C:\\Users\\apl97\\AppData\\Roaming\\Local\\lightning-services\\apache-2.4.43+6\\bin\\win32\\bin\\httpd.exe -d C:/Users/apl97/AppData/Roaming/Local/lightning-services/apache-2.4.43+6/bin/win32 -D FOREGROUND -f C:\\Users\\apl97\\AppData\\Roaming\\Local\\run\\kAz_xRpZH\\conf\\apache\\apache2.conf'
[Mon Feb 14 11:30:05.310528 2022] [mpm_winnt:notice] [pid 13524:tid 684] AH00418: Parent: Created child process 9048
[Mon Feb 14 11:30:06.311387 2022] [mpm_winnt:notice] [pid 9048:tid 480] AH00354: Child: Starting 64 worker threads.
[Wed Feb 16 11:19:09.171682 2022] [core:warn] [pid 3880:tid 724] AH00098: pid file C:/Users/apl97/AppData/Roaming/Local/run/kAz_xRpZH/apache/logs/httpd.pid overwritten -- Unclean shutdown of previous Apache run?
[Wed Feb 16 11:19:09.173683 2022] [mpm_winnt:notice] [pid 3880:tid 724] AH00455: Apache/2.4.43 (Win32) configured -- resuming normal operations
[Wed Feb 16 11:19:09.173683 2022] [mpm_winnt:notice] [pid 3880:tid 724] AH00456: Server built: Apr 21 2020 13:46:54
[Wed Feb 16 11:19:09.173683 2022] [core:notice] [pid 3880:tid 724] AH00094: Command line: 'C:\\Users\\apl97\\AppData\\Roaming\\Local\\lightning-services\\apache-2.4.43+6\\bin\\win32\\bin\\httpd.exe -d C:/Users/apl97/AppData/Roaming/Local/lightning-services/apache-2.4.43+6/bin/win32 -D FOREGROUND -f C:\\Users\\apl97\\AppData\\Roaming\\Local\\run\\kAz_xRpZH\\conf\\apache\\apache2.conf'
[Wed Feb 16 11:19:09.176186 2022] [mpm_winnt:notice] [pid 3880:tid 724] AH00418: Parent: Created child process 14036
[Wed Feb 16 11:19:09.620066 2022] [mpm_winnt:notice] [pid 14036:tid 776] AH00354: Child: Starting 64 worker threads.
[Wed Feb 16 16:26:22.387087 2022] [core:warn] [pid 6828:tid 464] AH00098: pid file C:/Users/apl97/AppData/Roaming/Local/run/kAz_xRpZH/apache/logs/httpd.pid overwritten -- Unclean shutdown of previous Apache run?
[Wed Feb 16 16:26:22.389088 2022] [mpm_winnt:notice] [pid 6828:tid 464] AH00455: Apache/2.4.43 (Win32) configured -- resuming normal operations
[Wed Feb 16 16:26:22.389088 2022] [mpm_winnt:notice] [pid 6828:tid 464] AH00456: Server built: Apr 21 2020 13:46:54
[Wed Feb 16 16:26:22.389088 2022] [core:notice] [pid 6828:tid 464] AH00094: Command line: 'C:\\Users\\apl97\\AppData\\Roaming\\Local\\lightning-services\\apache-2.4.43+6\\bin\\win32\\bin\\httpd.exe -d C:/Users/apl97/AppData/Roaming/Local/lightning-services/apache-2.4.43+6/bin/win32 -D FOREGROUND -f C:\\Users\\apl97\\AppData\\Roaming\\Local\\run\\kAz_xRpZH\\conf\\apache\\apache2.conf'
[Wed Feb 16 16:26:22.391591 2022] [mpm_winnt:notice] [pid 6828:tid 464] AH00418: Parent: Created child process 9624
[Wed Feb 16 16:26:22.842979 2022] [mpm_winnt:notice] [pid 9624:tid 768] AH00354: Child: Starting 64 worker threads.
[Thu Feb 17 11:36:34.228726 2022] [core:warn] [pid 12912:tid 744] AH00098: pid file C:/Users/apl97/AppData/Roaming/Local/run/kAz_xRpZH/apache/logs/httpd.pid overwritten -- Unclean shutdown of previous Apache run?
[Thu Feb 17 11:36:34.230226 2022] [mpm_winnt:notice] [pid 12912:tid 744] AH00455: Apache/2.4.43 (Win32) configured -- resuming normal operations
[Thu Feb 17 11:36:34.230226 2022] [mpm_winnt:notice] [pid 12912:tid 744] AH00456: Server built: Apr 21 2020 13:46:54
[Thu Feb 17 11:36:34.230226 2022] [core:notice] [pid 12912:tid 744] AH00094: Command line: 'C:\\Users\\apl97\\AppData\\Roaming\\Local\\lightning-services\\apache-2.4.43+6\\bin\\win32\\bin\\httpd.exe -d C:/Users/apl97/AppData/Roaming/Local/lightning-services/apache-2.4.43+6/bin/win32 -D FOREGROUND -f C:\\Users\\apl97\\AppData\\Roaming\\Local\\run\\kAz_xRpZH\\conf\\apache\\apache2.conf'
[Thu Feb 17 11:36:34.232228 2022] [mpm_winnt:notice] [pid 12912:tid 744] AH00418: Parent: Created child process 1864
[Thu Feb 17 11:36:34.651588 2022] [mpm_winnt:notice] [pid 1864:tid 752] AH00354: Child: Starting 64 worker threads.
[Fri Feb 18 08:25:06.556753 2022] [core:warn] [pid 18396:tid 676] AH00098: pid file C:/Users/apl97/AppData/Roaming/Local/run/kAz_xRpZH/apache/logs/httpd.pid overwritten -- Unclean shutdown of previous Apache run?
[Fri Feb 18 08:25:06.558254 2022] [mpm_winnt:notice] [pid 18396:tid 676] AH00455: Apache/2.4.43 (Win32) configured -- resuming normal operations
[Fri Feb 18 08:25:06.558254 2022] [mpm_winnt:notice] [pid 18396:tid 676] AH00456: Server built: Apr 21 2020 13:46:54
[Fri Feb 18 08:25:06.558254 2022] [core:notice] [pid 18396:tid 676] AH00094: Command line: 'C:\\Users\\apl97\\AppData\\Roaming\\Local\\lightning-services\\apache-2.4.43+6\\bin\\win32\\bin\\httpd.exe -d C:/Users/apl97/AppData/Roaming/Local/lightning-services/apache-2.4.43+6/bin/win32 -D FOREGROUND -f C:\\Users\\apl97\\AppData\\Roaming\\Local\\run\\kAz_xRpZH\\conf\\apache\\apache2.conf'
[Fri Feb 18 08:25:06.560757 2022] [mpm_winnt:notice] [pid 18396:tid 676] AH00418: Parent: Created child process 22208
[Fri Feb 18 08:25:07.011644 2022] [mpm_winnt:notice] [pid 22208:tid 756] AH00354: Child: Starting 64 worker threads.
[Fri Feb 25 08:06:59.906418 2022] [core:warn] [pid 9220:tid 704] AH00098: pid file C:/Users/apl97/AppData/Roaming/Local/run/kAz_xRpZH/apache/logs/httpd.pid overwritten -- Unclean shutdown of previous Apache run?
[Fri Feb 25 08:06:59.908420 2022] [mpm_winnt:notice] [pid 9220:tid 704] AH00455: Apache/2.4.43 (Win32) configured -- resuming normal operations
[Fri Feb 25 08:06:59.908420 2022] [mpm_winnt:notice] [pid 9220:tid 704] AH00456: Server built: Apr 21 2020 13:46:54
[Fri Feb 25 08:06:59.908420 2022] [core:notice] [pid 9220:tid 704] AH00094: Command line: 'C:\\Users\\apl97\\AppData\\Roaming\\Local\\lightning-services\\apache-2.4.43+6\\bin\\win32\\bin\\httpd.exe -d C:/Users/apl97/AppData/Roaming/Local/lightning-services/apache-2.4.43+6/bin/win32 -D FOREGROUND -f C:\\Users\\apl97\\AppData\\Roaming\\Local\\run\\kAz_xRpZH\\conf\\apache\\apache2.conf'
[Fri Feb 25 08:06:59.910422 2022] [mpm_winnt:notice] [pid 9220:tid 704] AH00418: Parent: Created child process 7584
[Fri Feb 25 08:07:00.356827 2022] [mpm_winnt:notice] [pid 7584:tid 748] AH00354: Child: Starting 64 worker threads.
[Wed Mar 02 09:40:53.801415 2022] [core:warn] [pid 15292:tid 808] AH00098: pid file C:/Users/apl97/AppData/Roaming/Local/run/kAz_xRpZH/apache/logs/httpd.pid overwritten -- Unclean shutdown of previous Apache run?
[Wed Mar 02 09:40:53.802416 2022] [mpm_winnt:notice] [pid 15292:tid 808] AH00455: Apache/2.4.43 (Win32) configured -- resuming normal operations
[Wed Mar 02 09:40:53.802416 2022] [mpm_winnt:notice] [pid 15292:tid 808] AH00456: Server built: Apr 21 2020 13:46:54
[Wed Mar 02 09:40:53.802416 2022] [core:notice] [pid 15292:tid 808] AH00094: Command line: 'C:\\Users\\apl97\\AppData\\Roaming\\Local\\lightning-services\\apache-2.4.43+6\\bin\\win32\\bin\\httpd.exe -d C:/Users/apl97/AppData/Roaming/Local/lightning-services/apache-2.4.43+6/bin/win32 -D FOREGROUND -f C:\\Users\\apl97\\AppData\\Roaming\\Local\\run\\kAz_xRpZH\\conf\\apache\\apache2.conf'
[Wed Mar 02 09:40:53.805419 2022] [mpm_winnt:notice] [pid 15292:tid 808] AH00418: Parent: Created child process 13508
[Wed Mar 02 09:40:54.242126 2022] [mpm_winnt:notice] [pid 13508:tid 720] AH00354: Child: Starting 64 worker threads.
[Thu Mar 03 16:22:34.945502 2022] [core:warn] [pid 17100:tid 728] AH00098: pid file C:/Users/apl97/AppData/Roaming/Local/run/kAz_xRpZH/apache/logs/httpd.pid overwritten -- Unclean shutdown of previous Apache run?
[Thu Mar 03 16:22:34.947504 2022] [mpm_winnt:notice] [pid 17100:tid 728] AH00455: Apache/2.4.43 (Win32) configured -- resuming normal operations
[Thu Mar 03 16:22:34.947504 2022] [mpm_winnt:notice] [pid 17100:tid 728] AH00456: Server built: Apr 21 2020 13:46:54
[Thu Mar 03 16:22:34.947504 2022] [core:notice] [pid 17100:tid 728] AH00094: Command line: 'C:\\Users\\apl97\\AppData\\Roaming\\Local\\lightning-services\\apache-2.4.43+6\\bin\\win32\\bin\\httpd.exe -d C:/Users/apl97/AppData/Roaming/Local/lightning-services/apache-2.4.43+6/bin/win32 -D FOREGROUND -f C:\\Users\\apl97\\AppData\\Roaming\\Local\\run\\kAz_xRpZH\\conf\\apache\\apache2.conf'
[Thu Mar 03 16:22:34.949506 2022] [mpm_winnt:notice] [pid 17100:tid 728] AH00418: Parent: Created child process 5876
[Thu Mar 03 16:22:35.380897 2022] [mpm_winnt:notice] [pid 5876:tid 748] AH00354: Child: Starting 64 worker threads.
[Thu Mar 03 18:45:29.587276 2022] [core:warn] [pid 4568:tid 824] AH00098: pid file C:/Users/apl97/AppData/Roaming/Local/run/kAz_xRpZH/apache/logs/httpd.pid overwritten -- Unclean shutdown of previous Apache run?
[Thu Mar 03 18:45:29.590279 2022] [mpm_winnt:notice] [pid 4568:tid 824] AH00455: Apache/2.4.43 (Win32) configured -- resuming normal operations
[Thu Mar 03 18:45:29.590279 2022] [mpm_winnt:notice] [pid 4568:tid 824] AH00456: Server built: Apr 21 2020 13:46:54
[Thu Mar 03 18:45:29.590279 2022] [core:notice] [pid 4568:tid 824] AH00094: Command line: 'C:\\Users\\apl97\\AppData\\Roaming\\Local\\lightning-services\\apache-2.4.43+6\\bin\\win32\\bin\\httpd.exe -d C:/Users/apl97/AppData/Roaming/Local/lightning-services/apache-2.4.43+6/bin/win32 -D FOREGROUND -f C:\\Users\\apl97\\AppData\\Roaming\\Local\\run\\kAz_xRpZH\\conf\\apache\\apache2.conf'
[Thu Mar 03 18:45:29.668350 2022] [mpm_winnt:notice] [pid 4568:tid 824] AH00418: Parent: Created child process 21764
[Thu Mar 03 18:45:30.904924 2022] [mpm_winnt:notice] [pid 21764:tid 844] AH00354: Child: Starting 64 worker threads.
[Fri Mar 04 11:13:07.127710 2022] [core:warn] [pid 4396:tid 708] AH00098: pid file C:/Users/apl97/AppData/Roaming/Local/run/kAz_xRpZH/apache/logs/httpd.pid overwritten -- Unclean shutdown of previous Apache run?
[Fri Mar 04 11:13:07.129712 2022] [mpm_winnt:notice] [pid 4396:tid 708] AH00455: Apache/2.4.43 (Win32) configured -- resuming normal operations
[Fri Mar 04 11:13:07.129712 2022] [mpm_winnt:notice] [pid 4396:tid 708] AH00456: Server built: Apr 21 2020 13:46:54
[Fri Mar 04 11:13:07.129712 2022] [core:notice] [pid 4396:tid 708] AH00094: Command line: 'C:\\Users\\apl97\\AppData\\Roaming\\Local\\lightning-services\\apache-2.4.43+6\\bin\\win32\\bin\\httpd.exe -d C:/Users/apl97/AppData/Roaming/Local/lightning-services/apache-2.4.43+6/bin/win32 -D FOREGROUND -f C:\\Users\\apl97\\AppData\\Roaming\\Local\\run\\kAz_xRpZH\\conf\\apache\\apache2.conf'
[Fri Mar 04 11:13:07.131714 2022] [mpm_winnt:notice] [pid 4396:tid 708] AH00418: Parent: Created child process 19028
[Fri Mar 04 11:13:07.629165 2022] [mpm_winnt:notice] [pid 19028:tid 732] AH00354: Child: Starting 64 worker threads.
